{"name": "Dummy Failing Test", "status": "failed", "statusDetails": {"message": "AssertionError: assert 'Hello' == 'World'\n  \n  \u001b[0m\u001b[91m- World\u001b[39;49;00m\u001b[90m\u001b[39;49;00m\n  \u001b[92m+ Hello\u001b[39;49;00m\u001b[90m\u001b[39;49;00m", "trace": "@allure.title(\"Dummy Failing Test\")\n    def test_dummy_fail():\n        a = \"Hello\"\n        b = \"World\"\n>       assert a == b   # This will FAIL on purpose\n        ^^^^^^^^^^^^^\nE       AssertionError: assert 'Hello' == 'World'\nE         \nE         \u001b[0m\u001b[91m- World\u001b[39;49;00m\u001b[90m\u001b[39;49;00m\nE         \u001b[92m+ Hello\u001b[39;49;00m\u001b[90m\u001b[39;49;00m\n\ntests\\test_google.py:23: AssertionError"}, "start": 1769879336480, "stop": 1769879336485, "uuid": "2ec7af38-8a53-49e2-8b51-9f61d2bfbfa2", "historyId": "8559d2df6c341399466bce20a7543ae2", "testCaseId": "8559d2df6c341399466bce20a7543ae2", "fullName": "tests.test_google#test_dummy_fail", "labels": [{"name": "parentSuite", "value": "tests"}, {"name": "suite", "value": "test_google"}, {"name": "host", "value": "DESKTOP-3FJON1V"}, {"name": "thread", "value": "4432-MainThread"}, {"name": "framework", "value": "pytest"}, {"name": "language", "value": "cpython3"}, {"name": "package", "value": "tests.test_google"}], "titlePath": ["tests", "test_google.py"]}